{
  "RSpec": {
    "coverage": {
      "/Users/giamirbuoncristiani/Projects/yelp_clone/spec/controllers/endorsements_controller_spec.rb": [
        1,
        null,
        1,
        null,
        null
      ],
      "/Users/giamirbuoncristiani/Projects/yelp_clone/spec/rails_helper.rb": [
        null,
        1,
        1,
        null,
        1,
        1,
        1,
        1,
        1,
        1,
        1,
        null,
        null,
        null,
        null,
        null,
        null,
        null,
        null,
        null,
        null,
        null,
        null,
        null,
        null,
        null,
        null,
        null,
        null,
        null,
        1,
        null,
        1,
        null,
        1,
        null,
        null,
        null,
        null,
        1,
        null,
        null,
        null,
        null,
        null,
        null,
        null,
        null,
        null,
        null,
        null,
        null,
        null,
        null,
        1,
        null,
        null,
        1,
        null,
        null,
        null
      ],
      "/Users/giamirbuoncristiani/Projects/yelp_clone/config/environment.rb": [
        null,
        1,
        null,
        null,
        1
      ],
      "/Users/giamirbuoncristiani/Projects/yelp_clone/config/application.rb": [
        1,
        null,
        1,
        null,
        1,
        1,
        1,
        1,
        1,
        1,
        1,
        null,
        null,
        null,
        null,
        1,
        null,
        1,
        1,
        null,
        null,
        null,
        null,
        null,
        null,
        null,
        null,
        null,
        null,
        null,
        null,
        null,
        1,
        null,
        null
      ],
      "/Users/giamirbuoncristiani/Projects/yelp_clone/config/boot.rb": [
        1,
        null,
        1
      ],
      "/Users/giamirbuoncristiani/Projects/yelp_clone/config/environments/test.rb": [
        1,
        null,
        null,
        null,
        null,
        null,
        null,
        1,
        null,
        null,
        null,
        null,
        1,
        null,
        null,
        1,
        1,
        null,
        null,
        1,
        1,
        null,
        null,
        1,
        null,
        null,
        1,
        null,
        null,
        null,
        null,
        1,
        null,
        null,
        1,
        null,
        null,
        1,
        null,
        null,
        null,
        null
      ],
      "/Users/giamirbuoncristiani/Projects/yelp_clone/config/initializers/assets.rb": [
        null,
        null,
        null,
        1,
        null,
        null,
        null,
        null,
        null,
        null,
        null
      ],
      "/Users/giamirbuoncristiani/Projects/yelp_clone/config/initializers/backtrace_silencers.rb": [
        null,
        null,
        null,
        null,
        null,
        null,
        null
      ],
      "/Users/giamirbuoncristiani/Projects/yelp_clone/config/initializers/cookies_serializer.rb": [
        null,
        null,
        1
      ],
      "/Users/giamirbuoncristiani/Projects/yelp_clone/config/initializers/devise.rb": [
        null,
        null,
        1,
        null,
        null,
        null,
        null,
        null,
        null,
        null,
        null,
        null,
        null,
        null,
        1,
        null,
        null,
        null,
        null,
        null,
        null,
        null,
        null,
        1,
        null,
        null,
        null,
        null,
        null,
        null,
        null,
        null,
        null,
        null,
        null,
        null,
        null,
        null,
        null,
        null,
        null,
        null,
        null,
        null,
        null,
        1,
        null,
        null,
        null,
        null,
        1,
        null,
        null,
        null,
        null,
        null,
        null,
        null,
        null,
        null,
        null,
        null,
        null,
        null,
        null,
        null,
        null,
        null,
        null,
        null,
        null,
        null,
        null,
        null,
        null,
        null,
        null,
        null,
        null,
        null,
        null,
        1,
        null,
        null,
        null,
        null,
        null,
        null,
        null,
        null,
        null,
        null,
        null,
        null,
        null,
        null,
        null,
        null,
        1,
        null,
        null,
        null,
        null,
        null,
        null,
        null,
        null,
        null,
        null,
        null,
        null,
        null,
        null,
        null,
        null,
        null,
        null,
        null,
        null,
        null,
        null,
        null,
        null,
        null,
        null,
        null,
        1,
        null,
        null,
        null,
        null,
        null,
        null,
        null,
        null,
        null,
        1,
        null,
        null,
        null,
        null,
        null,
        null,
        null,
        null,
        null,
        null,
        1,
        null,
        null,
        null,
        null,
        null,
        null,
        null,
        null,
        null,
        null,
        null,
        null,
        null,
        null,
        null,
        null,
        null,
        null,
        null,
        null,
        null,
        null,
        null,
        null,
        null,
        null,
        null,
        null,
        null,
        null,
        null,
        null,
        null,
        null,
        null,
        null,
        null,
        null,
        null,
        null,
        null,
        null,
        null,
        null,
        null,
        1,
        null,
        null,
        null,
        null,
        null,
        null,
        null,
        null,
        null,
        null,
        null,
        null,
        null,
        null,
        null,
        null,
        null,
        null,
        null,
        null,
        null,
        null,
        null,
        null,
        null,
        null,
        null,
        null,
        null,
        null,
        null,
        null,
        null,
        null,
        null,
        null,
        null,
        null,
        null,
        null,
        null,
        1,
        null,
        null,
        null,
        null,
        null,
        null,
        null,
        null,
        null,
        null,
        null,
        null,
        null,
        null,
        null,
        null,
        null,
        null,
        null,
        null,
        null,
        null,
        null,
        null,
        null,
        null,
        null,
        null,
        1,
        null
      ],
      "/Users/giamirbuoncristiani/Projects/yelp_clone/config/initializers/filter_parameter_logging.rb": [
        null,
        null,
        null,
        1
      ],
      "/Users/giamirbuoncristiani/Projects/yelp_clone/config/initializers/inflections.rb": [
        null,
        null,
        null,
        null,
        null,
        null,
        null,
        null,
        null,
        null,
        null,
        null,
        null,
        null,
        null,
        null
      ],
      "/Users/giamirbuoncristiani/Projects/yelp_clone/config/initializers/mime_types.rb": [
        null,
        null,
        null,
        null
      ],
      "/Users/giamirbuoncristiani/Projects/yelp_clone/config/initializers/session_store.rb": [
        null,
        null,
        1
      ],
      "/Users/giamirbuoncristiani/Projects/yelp_clone/config/initializers/wrap_parameters.rb": [
        null,
        null,
        null,
        null,
        null,
        null,
        1,
        1,
        null,
        null,
        null,
        null,
        null,
        null
      ],
      "/Users/giamirbuoncristiani/Projects/yelp_clone/spec/factories.rb": [
        2,
        1,
        null,
        null,
        1,
        1,
        1,
        21,
        null,
        null,
        1,
        1,
        1,
        1,
        null,
        null,
        1,
        1,
        1,
        1,
        1,
        null,
        null
      ],
      "/Users/giamirbuoncristiani/Projects/yelp_clone/config/routes.rb": [
        1,
        1,
        1,
        1,
        1,
        1,
        null,
        null,
        null
      ],
      "/Users/giamirbuoncristiani/Projects/yelp_clone/app/models/user.rb": [
        1,
        null,
        null,
        1,
        null,
        null,
        null,
        1,
        1,
        1,
        null,
        1,
        0,
        null,
        null,
        1,
        0,
        0,
        0,
        null,
        null,
        null,
        1,
        4,
        4,
        0,
        null,
        null,
        null,
        null
      ],
      "/Users/giamirbuoncristiani/Projects/yelp_clone/app/helpers/application_helper.rb": [
        1,
        null
      ],
      "/Users/giamirbuoncristiani/Projects/yelp_clone/app/helpers/endorsements_helper.rb": [
        1,
        null
      ],
      "/Users/giamirbuoncristiani/Projects/yelp_clone/app/helpers/restaurants_helper.rb": [
        1,
        1,
        4,
        null,
        null
      ],
      "/Users/giamirbuoncristiani/Projects/yelp_clone/app/helpers/reviews_helper.rb": [
        1,
        1,
        2,
        null,
        1,
        82,
        33,
        33,
        null,
        null
      ],
      "/Users/giamirbuoncristiani/Projects/yelp_clone/spec/support/database_cleaner.rb": [
        1,
        null,
        1,
        1,
        null,
        null,
        1,
        35,
        null,
        null,
        1,
        1,
        null,
        null,
        1,
        35,
        null,
        null,
        1,
        35,
        null,
        null,
        null
      ],
      "/Users/giamirbuoncristiani/Projects/yelp_clone/app/controllers/endorsements_controller.rb": [
        1,
        1,
        1,
        1,
        1,
        null,
        null
      ],
      "/Users/giamirbuoncristiani/Projects/yelp_clone/app/controllers/application_controller.rb": [
        1,
        null,
        null,
        1,
        null
      ],
      "/Users/giamirbuoncristiani/Projects/yelp_clone/spec/controllers/restaurants_controller_spec.rb": [
        1,
        null,
        1,
        null,
        null
      ],
      "/Users/giamirbuoncristiani/Projects/yelp_clone/app/controllers/restaurants_controller.rb": [
        1,
        1,
        1,
        null,
        1,
        57,
        null,
        null,
        1,
        3,
        null,
        null,
        1,
        3,
        3,
        2,
        null,
        1,
        null,
        null,
        null,
        1,
        6,
        null,
        null,
        1,
        2,
        2,
        1,
        1,
        null,
        null,
        null,
        1,
        1,
        1,
        1,
        null,
        null,
        1,
        2,
        2,
        1,
        1,
        null,
        1,
        null,
        2,
        null,
        null
      ],
      "/Users/giamirbuoncristiani/Projects/yelp_clone/spec/controllers/reviews_controller_spec.rb": [
        1,
        null,
        1,
        null,
        null
      ],
      "/Users/giamirbuoncristiani/Projects/yelp_clone/app/controllers/reviews_controller.rb": [
        1,
        1,
        1,
        null,
        1,
        2,
        2,
        null,
        null,
        1,
        2,
        2,
        2,
        1,
        1,
        1,
        null,
        0,
        null,
        null,
        1,
        2,
        2,
        1,
        1,
        null,
        1,
        null,
        2,
        null,
        null
      ],
      "/Users/giamirbuoncristiani/Projects/yelp_clone/spec/features/endorsements_feature_spec.rb": [
        1,
        null,
        1,
        null,
        null,
        null,
        null,
        null,
        null,
        null,
        1,
        1,
        1,
        1,
        1,
        1,
        1,
        null,
        null,
        null
      ],
      "/Users/giamirbuoncristiani/Projects/yelp_clone/spec/features/restaurants_feature_spec.rb": [
        1,
        null,
        1,
        1,
        1,
        1,
        1,
        null,
        1,
        1,
        1,
        1,
        null,
        null,
        1,
        2,
        1,
        1,
        1,
        1,
        null,
        null,
        1,
        1,
        2,
        2,
        null,
        1,
        1,
        1,
        1,
        1,
        1,
        1,
        null,
        1,
        1,
        1,
        1,
        1,
        1,
        1,
        null,
        null,
        1,
        2,
        1,
        1,
        1,
        1,
        1,
        null,
        null,
        1,
        1,
        1,
        1,
        1,
        1,
        1,
        1,
        1,
        1,
        1,
        null,
        1,
        1,
        1,
        1,
        1,
        1,
        1,
        1,
        null,
        null,
        1,
        1,
        1,
        1,
        1,
        1,
        1,
        1,
        1,
        1,
        1,
        null,
        null,
        1,
        1,
        1,
        1,
        1,
        1,
        1,
        1,
        1,
        null,
        1,
        1,
        1,
        1,
        1,
        1,
        1,
        1,
        null,
        null,
        null
      ],
      "/Users/giamirbuoncristiani/Projects/yelp_clone/spec/features/reviews_feature_spec.rb": [
        1,
        null,
        1,
        1,
        1,
        1,
        1,
        1,
        1,
        1,
        1,
        1,
        1,
        1,
        1,
        1,
        null,
        1,
        1,
        1,
        1,
        1,
        1,
        1,
        1,
        1,
        1,
        1,
        null,
        null,
        1,
        1,
        1,
        1,
        1,
        1,
        1,
        1,
        1,
        1,
        1,
        null,
        1,
        1,
        1,
        1,
        1,
        1,
        1,
        1,
        1,
        1,
        null,
        null,
        null,
        1,
        1,
        1,
        1,
        1,
        1,
        1,
        1,
        null,
        null
      ],
      "/Users/giamirbuoncristiani/Projects/yelp_clone/spec/features/users_feature_spec.rb": [
        1,
        null,
        1,
        1,
        1,
        1,
        1,
        null,
        1,
        1,
        1,
        null,
        null,
        null,
        1,
        1,
        2,
        2,
        2,
        2,
        2,
        2,
        2,
        null,
        1,
        1,
        1,
        null,
        1,
        1,
        1,
        null,
        null,
        null
      ],
      "/Users/giamirbuoncristiani/Projects/yelp_clone/spec/helpers/endorsements_helper_spec.rb": [
        1,
        null,
        null,
        null,
        null,
        null,
        null,
        null,
        null,
        null,
        null,
        null,
        null,
        null,
        null
      ],
      "/Users/giamirbuoncristiani/Projects/yelp_clone/spec/helpers/restaurants_helper_spec.rb": [
        1,
        null,
        null,
        null,
        null,
        null,
        null,
        null,
        null,
        null,
        null,
        null,
        null,
        null,
        null
      ],
      "/Users/giamirbuoncristiani/Projects/yelp_clone/spec/helpers/reviews_helper_spec.rb": [
        1,
        null,
        1,
        1,
        1,
        1,
        null,
        1,
        1,
        null,
        1,
        1,
        null,
        1,
        1,
        null,
        null,
        null,
        null,
        null,
        null,
        null,
        null,
        null,
        null,
        null,
        null,
        null,
        null,
        null,
        null,
        null
      ],
      "/Users/giamirbuoncristiani/Projects/yelp_clone/spec/models/endorsement_spec.rb": [
        1,
        null,
        null,
        null,
        null
      ],
      "/Users/giamirbuoncristiani/Projects/yelp_clone/spec/models/restaurant_spec.rb": [
        1,
        null,
        1,
        null,
        1,
        2,
        1,
        1,
        1,
        1,
        null,
        1,
        1,
        1,
        1,
        null,
        null,
        null,
        1,
        1,
        null,
        3,
        3,
        3,
        null,
        3,
        null,
        1,
        1,
        null,
        null,
        1,
        1,
        null,
        null,
        null,
        null,
        1,
        1,
        1,
        1,
        1,
        null,
        null,
        1,
        1,
        1,
        1,
        1,
        null,
        null,
        1,
        1,
        1,
        1,
        1,
        1,
        1,
        null,
        null,
        null
      ],
      "/Users/giamirbuoncristiani/Projects/yelp_clone/app/models/restaurant.rb": [
        1,
        1,
        50,
        null,
        1,
        1,
        null,
        1,
        1,
        null,
        1,
        81,
        null,
        null,
        32,
        null,
        null
      ],
      "/Users/giamirbuoncristiani/Projects/yelp_clone/spec/models/review_spec.rb": [
        1,
        null,
        1,
        1,
        1,
        1,
        null,
        1,
        1,
        1,
        1,
        1,
        1,
        null,
        null
      ],
      "/Users/giamirbuoncristiani/Projects/yelp_clone/app/models/review.rb": [
        1,
        1,
        1,
        1,
        1,
        1,
        null
      ],
      "/Users/giamirbuoncristiani/Projects/yelp_clone/spec/models/user_spec.rb": [
        1,
        null,
        1,
        2,
        null
      ],
      "/Users/giamirbuoncristiani/Projects/yelp_clone/app/models/with_user_association_extension.rb": [
        1,
        1,
        0,
        0,
        null,
        null,
        1,
        0,
        0,
        null,
        null,
        1,
        4,
        4,
        null,
        null
      ],
      "/Users/giamirbuoncristiani/Projects/yelp_clone/app/models/endorsement.rb": [
        1,
        1,
        null
      ]
    },
    "timestamp": 1453492086
  }
}
